{"name":"hexo","hostname":"localhost","pid":16365,"level":20,"msg":"Hexo version: \u001b[35m3.2.2\u001b[39m","time":"2019-12-24T15:07:54.391Z","v":0}
{"name":"hexo","hostname":"localhost","pid":16365,"level":20,"msg":"Working directory: \u001b[35m~/workspace/blog/\u001b[39m","time":"2019-12-24T15:07:54.394Z","v":0}
{"name":"hexo","hostname":"localhost","pid":16365,"level":20,"msg":"Config loaded: \u001b[35m~/workspace/blog/_config.yml\u001b[39m","time":"2019-12-24T15:07:54.578Z","v":0}
{"name":"hexo","hostname":"localhost","pid":16365,"level":20,"msg":"Plugin loaded: \u001b[35mhexo-deployer-git\u001b[39m","time":"2019-12-24T15:07:54.879Z","v":0}
{"name":"hexo","hostname":"localhost","pid":16365,"level":20,"msg":"Plugin loaded: \u001b[35mhexo-generator-archive\u001b[39m","time":"2019-12-24T15:07:54.885Z","v":0}
{"name":"hexo","hostname":"localhost","pid":16365,"level":20,"msg":"Plugin loaded: \u001b[35mhexo-generator-category\u001b[39m","time":"2019-12-24T15:07:54.890Z","v":0}
{"name":"hexo","hostname":"localhost","pid":16365,"level":20,"msg":"Plugin loaded: \u001b[35mhexo-generator-baidu-sitemap\u001b[39m","time":"2019-12-24T15:07:54.902Z","v":0}
{"name":"hexo","hostname":"localhost","pid":16365,"level":20,"msg":"Plugin loaded: \u001b[35mhexo-generator-index\u001b[39m","time":"2019-12-24T15:07:54.910Z","v":0}
{"name":"hexo","hostname":"localhost","pid":16365,"level":20,"msg":"Plugin loaded: \u001b[35mhexo-generator-search\u001b[39m","time":"2019-12-24T15:07:54.919Z","v":0}
{"name":"hexo","hostname":"localhost","pid":16365,"level":20,"msg":"Plugin loaded: \u001b[35mhexo-generator-feed\u001b[39m","time":"2019-12-24T15:07:54.962Z","v":0}
{"name":"hexo","hostname":"localhost","pid":16365,"level":20,"msg":"Plugin loaded: \u001b[35mhexo-renderer-ejs\u001b[39m","time":"2019-12-24T15:07:54.968Z","v":0}
{"name":"hexo","hostname":"localhost","pid":16365,"level":20,"msg":"Plugin loaded: \u001b[35mhexo-generator-sitemap\u001b[39m","time":"2019-12-24T15:07:54.979Z","v":0}
{"name":"hexo","hostname":"localhost","pid":16365,"level":20,"msg":"Plugin loaded: \u001b[35mhexo-generator-tag\u001b[39m","time":"2019-12-24T15:07:54.983Z","v":0}
{"name":"hexo","hostname":"localhost","pid":16365,"level":20,"msg":"Plugin loaded: \u001b[35mhexo-renderer-marked\u001b[39m","time":"2019-12-24T15:07:55.092Z","v":0}
{"name":"hexo","hostname":"localhost","pid":16365,"level":20,"msg":"Plugin loaded: \u001b[35mhexo-renderer-stylus\u001b[39m","time":"2019-12-24T15:07:55.094Z","v":0}
{"name":"hexo","hostname":"localhost","pid":16365,"level":20,"msg":"Plugin loaded: \u001b[35mhexo-symbols-count-time\u001b[39m","time":"2019-12-24T15:07:55.096Z","v":0}
{"name":"hexo","hostname":"localhost","pid":16365,"level":20,"msg":"Plugin loaded: \u001b[35mhexo-server\u001b[39m","time":"2019-12-24T15:07:55.301Z","v":0}
{"name":"hexo","hostname":"localhost","pid":16365,"level":20,"msg":"Script loaded: \u001b[35mthemes/next/scripts/merge-configs.js\u001b[39m","time":"2019-12-24T15:07:55.302Z","v":0}
{"name":"hexo","hostname":"localhost","pid":16365,"level":20,"msg":"Script loaded: \u001b[35mthemes/next/scripts/tags/full-image.js\u001b[39m","time":"2019-12-24T15:07:55.302Z","v":0}
{"name":"hexo","hostname":"localhost","pid":16365,"level":20,"msg":"Script loaded: \u001b[35mthemes/next/scripts/tags/center-quote.js\u001b[39m","time":"2019-12-24T15:07:55.303Z","v":0}
{"name":"hexo","hostname":"localhost","pid":16365,"level":20,"msg":"Script loaded: \u001b[35mthemes/next/scripts/tags/group-pictures.js\u001b[39m","time":"2019-12-24T15:07:55.304Z","v":0}
{"name":"hexo","hostname":"localhost","pid":16365,"level":30,"msg":"Start processing","time":"2019-12-24T15:07:55.315Z","v":0}
{"name":"hexo","hostname":"localhost","pid":16365,"level":20,"msg":"Processed: \u001b[35mREADME.MDOWN\u001b[39m","time":"2019-12-24T15:07:55.380Z","v":0}
{"name":"hexo","hostname":"localhost","pid":16365,"level":20,"msg":"Processed: \u001b[35mrobots.txt\u001b[39m","time":"2019-12-24T15:07:55.392Z","v":0}
{"name":"hexo","hostname":"localhost","pid":16365,"level":20,"msg":"Processed: \u001b[35mavatar/avatar.png\u001b[39m","time":"2019-12-24T15:07:55.426Z","v":0}
{"name":"hexo","hostname":"localhost","pid":16365,"level":20,"msg":"Processed: \u001b[35mfavicon/favicon.ico\u001b[39m","time":"2019-12-24T15:07:55.427Z","v":0}
{"name":"hexo","hostname":"localhost","pid":16365,"level":20,"msg":"Processed: \u001b[35mimages/blog-mobile.png\u001b[39m","time":"2019-12-24T15:07:55.428Z","v":0}
{"name":"hexo","hostname":"localhost","pid":16365,"level":20,"msg":"Processed: \u001b[35mimages/gulp-1.png\u001b[39m","time":"2019-12-24T15:07:55.429Z","v":0}
{"name":"hexo","hostname":"localhost","pid":16365,"level":20,"msg":"Processed: \u001b[35mimages/forkme_left_white_ffffff.png\u001b[39m","time":"2019-12-24T15:07:55.438Z","v":0}
{"name":"hexo","hostname":"localhost","pid":16365,"level":20,"msg":"Processed: \u001b[35mimages/css-hack-1.png\u001b[39m","time":"2019-12-24T15:07:55.438Z","v":0}
{"name":"hexo","hostname":"localhost","pid":16365,"level":20,"msg":"Processed: \u001b[35mimages/hexo-next-five-1.png\u001b[39m","time":"2019-12-24T15:07:55.439Z","v":0}
{"name":"hexo","hostname":"localhost","pid":16365,"level":20,"msg":"Processed: \u001b[35mimages/hexo-next-five-2.png\u001b[39m","time":"2019-12-24T15:07:55.440Z","v":0}
{"name":"hexo","hostname":"localhost","pid":16365,"level":20,"msg":"Processed: \u001b[35mimages/hexo-next-five-4.png\u001b[39m","time":"2019-12-24T15:07:55.440Z","v":0}
{"name":"hexo","hostname":"localhost","pid":16365,"level":20,"msg":"Processed: \u001b[35mimages/hexo-next-five-3.png\u001b[39m","time":"2019-12-24T15:07:55.441Z","v":0}
{"name":"hexo","hostname":"localhost","pid":16365,"level":20,"msg":"Processed: \u001b[35mimages/hexo-next-five-5.png\u001b[39m","time":"2019-12-24T15:07:55.441Z","v":0}
{"name":"hexo","hostname":"localhost","pid":16365,"level":20,"msg":"Processed: \u001b[35mimages/hexo-next-four-result1.png\u001b[39m","time":"2019-12-24T15:07:55.442Z","v":0}
{"name":"hexo","hostname":"localhost","pid":16365,"level":20,"msg":"Processed: \u001b[35mimages/hexo-next-four-result2.png\u001b[39m","time":"2019-12-24T15:07:55.442Z","v":0}
{"name":"hexo","hostname":"localhost","pid":16365,"level":20,"msg":"Processed: \u001b[35mimages/hexo-next-four-solution1.png\u001b[39m","time":"2019-12-24T15:07:55.442Z","v":0}
{"name":"hexo","hostname":"localhost","pid":16365,"level":20,"msg":"Processed: \u001b[35mimages/hexo-next-four-solution2.png\u001b[39m","time":"2019-12-24T15:07:55.442Z","v":0}
{"name":"hexo","hostname":"localhost","pid":16365,"level":20,"msg":"Processed: \u001b[35mimages/hexo-next-one-2.png\u001b[39m","time":"2019-12-24T15:07:55.443Z","v":0}
{"name":"hexo","hostname":"localhost","pid":16365,"level":20,"msg":"Processed: \u001b[35mimages/hexo-next-three-1.png\u001b[39m","time":"2019-12-24T15:07:55.448Z","v":0}
{"name":"hexo","hostname":"localhost","pid":16365,"level":20,"msg":"Processed: \u001b[35mimages/hexo-next-three-3.png\u001b[39m","time":"2019-12-24T15:07:55.449Z","v":0}
{"name":"hexo","hostname":"localhost","pid":16365,"level":20,"msg":"Processed: \u001b[35mimages/js-exception-handing-1.png\u001b[39m","time":"2019-12-24T15:07:55.450Z","v":0}
{"name":"hexo","hostname":"localhost","pid":16365,"level":20,"msg":"Processed: \u001b[35mimages/js-exception-handing-2.png\u001b[39m","time":"2019-12-24T15:07:55.450Z","v":0}
{"name":"hexo","hostname":"localhost","pid":16365,"level":20,"msg":"Processed: \u001b[35mimages/js-exception-handing-3.png\u001b[39m","time":"2019-12-24T15:07:55.451Z","v":0}
{"name":"hexo","hostname":"localhost","pid":16365,"level":20,"msg":"Processed: \u001b[35mimages/qr-bs-pullup-pulldown.png\u001b[39m","time":"2019-12-24T15:07:55.451Z","v":0}
{"name":"hexo","hostname":"localhost","pid":16365,"level":20,"msg":"Processed: \u001b[35mimages/service-worker-1.png\u001b[39m","time":"2019-12-24T15:07:55.451Z","v":0}
{"name":"hexo","hostname":"localhost","pid":16365,"level":20,"msg":"Processed: \u001b[35mimages/service-worker-5.png\u001b[39m","time":"2019-12-24T15:07:55.452Z","v":0}
{"name":"hexo","hostname":"localhost","pid":16365,"level":20,"msg":"Processed: \u001b[35mimages/service-worker-2.png\u001b[39m","time":"2019-12-24T15:07:55.452Z","v":0}
{"name":"hexo","hostname":"localhost","pid":16365,"level":20,"msg":"Processed: \u001b[35mimages/service-worker-3.png\u001b[39m","time":"2019-12-24T15:07:55.452Z","v":0}
{"name":"hexo","hostname":"localhost","pid":16365,"level":20,"msg":"Processed: \u001b[35mimages/service-worker-4.png\u001b[39m","time":"2019-12-24T15:07:55.453Z","v":0}
{"name":"hexo","hostname":"localhost","pid":16365,"level":20,"msg":"Processed: \u001b[35mimages/travis-encrypt.png\u001b[39m","time":"2019-12-24T15:07:55.453Z","v":0}
{"name":"hexo","hostname":"localhost","pid":16365,"level":20,"msg":"Processed: \u001b[35mimages/travis-logo.svg\u001b[39m","time":"2019-12-24T15:07:55.453Z","v":0}
{"name":"hexo","hostname":"localhost","pid":16365,"level":20,"msg":"Processed: \u001b[35mimages/travis-logo2.png\u001b[39m","time":"2019-12-24T15:07:55.454Z","v":0}
{"name":"hexo","hostname":"localhost","pid":16365,"level":20,"msg":"Processed: \u001b[35mimages/vue-music-1.png\u001b[39m","time":"2019-12-24T15:07:55.454Z","v":0}
{"name":"hexo","hostname":"localhost","pid":16365,"level":20,"msg":"Processed: \u001b[35mimages/view-my-blog.png\u001b[39m","time":"2019-12-24T15:07:55.454Z","v":0}
{"name":"hexo","hostname":"localhost","pid":16365,"level":20,"msg":"Processed: \u001b[35mimages/vue-music-pay.JPG\u001b[39m","time":"2019-12-24T15:07:55.455Z","v":0}
{"name":"hexo","hostname":"localhost","pid":16365,"level":20,"msg":"Processed: \u001b[35mimages/vue-sell-1.png\u001b[39m","time":"2019-12-24T15:07:55.455Z","v":0}
{"name":"hexo","hostname":"localhost","pid":16365,"level":20,"msg":"Processed: \u001b[35mimages/vue-sell-5.png\u001b[39m","time":"2019-12-24T15:07:55.455Z","v":0}
{"name":"hexo","hostname":"localhost","pid":16365,"level":20,"msg":"Processed: \u001b[35mimages/vue-sell-2.png\u001b[39m","time":"2019-12-24T15:07:55.455Z","v":0}
{"name":"hexo","hostname":"localhost","pid":16365,"level":20,"msg":"Processed: \u001b[35mimages/vue-sell-pay.png\u001b[39m","time":"2019-12-24T15:07:55.456Z","v":0}
{"name":"hexo","hostname":"localhost","pid":16365,"level":20,"msg":"Processed: \u001b[35mimages/vue-ssr-img.jpeg\u001b[39m","time":"2019-12-24T15:07:55.457Z","v":0}
{"name":"hexo","hostname":"localhost","pid":16365,"level":20,"msg":"Processed: \u001b[35mimages/yeti-jquery.png\u001b[39m","time":"2019-12-24T15:07:55.457Z","v":0}
{"name":"hexo","hostname":"localhost","pid":16365,"level":20,"msg":"Processed: \u001b[35mreward/reward_alipay.png\u001b[39m","time":"2019-12-24T15:07:55.458Z","v":0}
{"name":"hexo","hostname":"localhost","pid":16365,"level":20,"msg":"Processed: \u001b[35myu/1px.html\u001b[39m","time":"2019-12-24T15:07:55.469Z","v":0}
{"name":"hexo","hostname":"localhost","pid":16365,"level":20,"msg":"Processed: \u001b[35myu/css-hack.html\u001b[39m","time":"2019-12-24T15:07:55.469Z","v":0}
{"name":"hexo","hostname":"localhost","pid":16365,"level":20,"msg":"Processed: \u001b[35mimages/hexo-next-four-error1.png\u001b[39m","time":"2019-12-24T15:07:55.475Z","v":0}
{"name":"hexo","hostname":"localhost","pid":16365,"level":20,"msg":"Processed: \u001b[35mimages/hexo-next-four-error2.png\u001b[39m","time":"2019-12-24T15:07:55.476Z","v":0}
{"name":"hexo","hostname":"localhost","pid":16365,"level":20,"msg":"Processed: \u001b[35mimages/hexo-next-three-2.png\u001b[39m","time":"2019-12-24T15:07:55.477Z","v":0}
{"name":"hexo","hostname":"localhost","pid":16365,"level":20,"msg":"Processed: \u001b[35mimages/javascript-environment-1.jpg\u001b[39m","time":"2019-12-24T15:07:55.477Z","v":0}
{"name":"hexo","hostname":"localhost","pid":16365,"level":20,"msg":"Processed: \u001b[35mimages/qq-group.png\u001b[39m","time":"2019-12-24T15:07:55.478Z","v":0}
{"name":"hexo","hostname":"localhost","pid":16365,"level":20,"msg":"Processed: \u001b[35mimages/npm-1.png\u001b[39m","time":"2019-12-24T15:07:55.478Z","v":0}
{"name":"hexo","hostname":"localhost","pid":16365,"level":20,"msg":"Processed: \u001b[35mimages/travis-ci-1.png\u001b[39m","time":"2019-12-24T15:07:55.479Z","v":0}
{"name":"hexo","hostname":"localhost","pid":16365,"level":20,"msg":"Processed: \u001b[35mimages/travis-ci-3.png\u001b[39m","time":"2019-12-24T15:07:55.479Z","v":0}
{"name":"hexo","hostname":"localhost","pid":16365,"level":20,"msg":"Processed: \u001b[35mimages/vue-music-3.png\u001b[39m","time":"2019-12-24T15:07:55.479Z","v":0}
{"name":"hexo","hostname":"localhost","pid":16365,"level":20,"msg":"Processed: \u001b[35mimages/vue-ssr-1.png\u001b[39m","time":"2019-12-24T15:07:55.480Z","v":0}
{"name":"hexo","hostname":"localhost","pid":16365,"level":20,"msg":"Processed: \u001b[35mreward/reward_wechat.png\u001b[39m","time":"2019-12-24T15:07:55.480Z","v":0}
{"name":"hexo","hostname":"localhost","pid":16365,"level":20,"msg":"Processed: \u001b[35m404.md\u001b[39m","time":"2019-12-24T15:07:55.502Z","v":0}
{"name":"hexo","hostname":"localhost","pid":16365,"level":20,"msg":"Processed: \u001b[35moffline.md\u001b[39m","time":"2019-12-24T15:07:55.502Z","v":0}
{"name":"hexo","hostname":"localhost","pid":16365,"level":20,"msg":"Processed: \u001b[35mimages/travis-ci-4.png\u001b[39m","time":"2019-12-24T15:07:55.503Z","v":0}
{"name":"hexo","hostname":"localhost","pid":16365,"level":20,"msg":"Processed: \u001b[35mimages/travis-ci-2.png\u001b[39m","time":"2019-12-24T15:07:55.503Z","v":0}
{"name":"hexo","hostname":"localhost","pid":16365,"level":20,"msg":"Processed: \u001b[35mimages/vue-ssr-2.png\u001b[39m","time":"2019-12-24T15:07:55.503Z","v":0}
{"name":"hexo","hostname":"localhost","pid":16365,"level":20,"msg":"Processed: \u001b[35mreward/wechat-alipay.png\u001b[39m","time":"2019-12-24T15:07:55.503Z","v":0}
{"name":"hexo","hostname":"localhost","pid":16365,"level":20,"msg":"Theme config loaded.","time":"2019-12-24T15:07:55.523Z","v":0}
{"name":"hexo","hostname":"localhost","pid":16365,"level":20,"msg":"Processed: \u001b[35m_config.yml\u001b[39m","time":"2019-12-24T15:07:55.525Z","v":0}
{"name":"hexo","hostname":"localhost","pid":16365,"level":20,"msg":"Processed: \u001b[35msource/css/main.styl\u001b[39m","time":"2019-12-24T15:07:55.526Z","v":0}
{"name":"hexo","hostname":"localhost","pid":16365,"level":20,"msg":"Processed: \u001b[35msource/css/gitment.css\u001b[39m","time":"2019-12-24T15:07:55.527Z","v":0}
{"name":"hexo","hostname":"localhost","pid":16365,"level":20,"msg":"Processed: \u001b[35msource/images/cc-by-nc-nd.svg\u001b[39m","time":"2019-12-24T15:07:55.527Z","v":0}
{"name":"hexo","hostname":"localhost","pid":16365,"level":20,"msg":"Processed: \u001b[35msource/images/avatar.gif\u001b[39m","time":"2019-12-24T15:07:55.528Z","v":0}
{"name":"hexo","hostname":"localhost","pid":16365,"level":20,"msg":"Processed: \u001b[35msource/images/candy-cane-stars.png\u001b[39m","time":"2019-12-24T15:07:55.528Z","v":0}
{"name":"hexo","hostname":"localhost","pid":16365,"level":20,"msg":"Processed: \u001b[35msource/images/cc-by-nc-sa.svg\u001b[39m","time":"2019-12-24T15:07:55.529Z","v":0}
{"name":"hexo","hostname":"localhost","pid":16365,"level":20,"msg":"Processed: \u001b[35msource/images/cc-by-nd.svg\u001b[39m","time":"2019-12-24T15:07:55.537Z","v":0}
{"name":"hexo","hostname":"localhost","pid":16365,"level":20,"msg":"Processed: \u001b[35msource/images/cc-by-nc.svg\u001b[39m","time":"2019-12-24T15:07:55.537Z","v":0}
{"name":"hexo","hostname":"localhost","pid":16365,"level":20,"msg":"Processed: \u001b[35msource/images/cc-by-sa.svg\u001b[39m","time":"2019-12-24T15:07:55.538Z","v":0}
{"name":"hexo","hostname":"localhost","pid":16365,"level":20,"msg":"Processed: \u001b[35msource/images/cc-by.svg\u001b[39m","time":"2019-12-24T15:07:55.539Z","v":0}
{"name":"hexo","hostname":"localhost","pid":16365,"level":20,"msg":"Processed: \u001b[35msource/images/cc-zero.svg\u001b[39m","time":"2019-12-24T15:07:55.539Z","v":0}
{"name":"hexo","hostname":"localhost","pid":16365,"level":20,"msg":"Processed: \u001b[35msource/images/loading.gif\u001b[39m","time":"2019-12-24T15:07:55.539Z","v":0}
{"name":"hexo","hostname":"localhost","pid":16365,"level":20,"msg":"Processed: \u001b[35msource/images/placeholder.gif\u001b[39m","time":"2019-12-24T15:07:55.539Z","v":0}
{"name":"hexo","hostname":"localhost","pid":16365,"level":20,"msg":"Processed: \u001b[35msource/images/quote-l.svg\u001b[39m","time":"2019-12-24T15:07:55.539Z","v":0}
{"name":"hexo","hostname":"localhost","pid":16365,"level":20,"msg":"Processed: \u001b[35msource/images/searchicon.png\u001b[39m","time":"2019-12-24T15:07:55.540Z","v":0}
{"name":"hexo","hostname":"localhost","pid":16365,"level":20,"msg":"Processed: \u001b[35msource/images/quote-r.svg\u001b[39m","time":"2019-12-24T15:07:55.540Z","v":0}
{"name":"hexo","hostname":"localhost","pid":16365,"level":20,"msg":"Processed: \u001b[35msource/neveryu/index.html\u001b[39m","time":"2019-12-24T15:07:55.541Z","v":0}
{"name":"hexo","hostname":"localhost","pid":16365,"level":20,"msg":"Processed: \u001b[35mabout/index.md\u001b[39m","time":"2019-12-24T15:07:55.599Z","v":0}
{"name":"hexo","hostname":"localhost","pid":16365,"level":20,"msg":"Processed: \u001b[35mcategories/index.md\u001b[39m","time":"2019-12-24T15:07:55.600Z","v":0}
{"name":"hexo","hostname":"localhost","pid":16365,"level":20,"msg":"Processed: \u001b[35mguestbook/index.md\u001b[39m","time":"2019-12-24T15:07:55.601Z","v":0}
{"name":"hexo","hostname":"localhost","pid":16365,"level":20,"msg":"Processed: \u001b[35mexample/index.md\u001b[39m","time":"2019-12-24T15:07:55.602Z","v":0}
{"name":"hexo","hostname":"localhost","pid":16365,"level":20,"msg":"Processed: \u001b[35mreward/index.md\u001b[39m","time":"2019-12-24T15:07:55.604Z","v":0}
{"name":"hexo","hostname":"localhost","pid":16365,"level":20,"msg":"Processed: \u001b[35m_posts/china-javascript-environment.md\u001b[39m","time":"2019-12-24T15:07:55.614Z","v":0}
{"name":"hexo","hostname":"localhost","pid":16365,"level":20,"msg":"Processed: \u001b[35m_posts/amd-cmd.md\u001b[39m","time":"2019-12-24T15:07:55.616Z","v":0}
{"name":"hexo","hostname":"localhost","pid":16365,"level":20,"msg":"Processed: \u001b[35mimages/hexo-next-one-1.png\u001b[39m","time":"2019-12-24T15:07:55.616Z","v":0}
{"name":"hexo","hostname":"localhost","pid":16365,"level":20,"msg":"Processed: \u001b[35mimages/vue-music-2.png\u001b[39m","time":"2019-12-24T15:07:55.618Z","v":0}
{"name":"hexo","hostname":"localhost","pid":16365,"level":20,"msg":"Processed: \u001b[35m_posts/commonjs.md\u001b[39m","time":"2019-12-24T15:07:55.619Z","v":0}
{"name":"hexo","hostname":"localhost","pid":16365,"level":20,"msg":"Processed: \u001b[35m_posts/essay-20160925.md\u001b[39m","time":"2019-12-24T15:07:55.620Z","v":0}
{"name":"hexo","hostname":"localhost","pid":16365,"level":20,"msg":"Processed: \u001b[35m_posts/css-hack.md\u001b[39m","time":"2019-12-24T15:07:55.623Z","v":0}
{"name":"hexo","hostname":"localhost","pid":16365,"level":20,"msg":"Processed: \u001b[35m_posts/how-it-feels-to-learn-javascript-in-2016.md\u001b[39m","time":"2019-12-24T15:07:55.626Z","v":0}
{"name":"hexo","hostname":"localhost","pid":16365,"level":20,"msg":"Processed: \u001b[35m_posts/git.md\u001b[39m","time":"2019-12-24T15:07:55.627Z","v":0}
{"name":"hexo","hostname":"localhost","pid":16365,"level":20,"msg":"Processed: \u001b[35m_posts/html5shiv.md\u001b[39m","time":"2019-12-24T15:07:55.629Z","v":0}
{"name":"hexo","hostname":"localhost","pid":16365,"level":20,"msg":"Processed: \u001b[35m_posts/js-exception-handing.md\u001b[39m","time":"2019-12-24T15:07:55.636Z","v":0}
{"name":"hexo","hostname":"localhost","pid":16365,"level":20,"msg":"Processed: \u001b[35m_posts/js-memory-management-and-gc.md\u001b[39m","time":"2019-12-24T15:07:55.640Z","v":0}
{"name":"hexo","hostname":"localhost","pid":16365,"level":20,"msg":"Processed: \u001b[35m_posts/gulp.md\u001b[39m","time":"2019-12-24T15:07:55.640Z","v":0}
{"name":"hexo","hostname":"localhost","pid":16365,"level":20,"msg":"Processed: \u001b[35m_posts/js-this.md\u001b[39m","time":"2019-12-24T15:07:55.643Z","v":0}
{"name":"hexo","hostname":"localhost","pid":16365,"level":20,"msg":"Processed: \u001b[35m_posts/memory-leak.md\u001b[39m","time":"2019-12-24T15:07:55.646Z","v":0}
{"name":"hexo","hostname":"localhost","pid":16365,"level":20,"msg":"Processed: \u001b[35m_posts/hexo-next-five.md\u001b[39m","time":"2019-12-24T15:07:55.648Z","v":0}
{"name":"hexo","hostname":"localhost","pid":16365,"level":20,"msg":"Processed: \u001b[35m_posts/hexo-next-four.md\u001b[39m","time":"2019-12-24T15:07:55.656Z","v":0}
{"name":"hexo","hostname":"localhost","pid":16365,"level":20,"msg":"Processed: \u001b[35m_posts/respond-js.md\u001b[39m","time":"2019-12-24T15:07:55.661Z","v":0}
{"name":"hexo","hostname":"localhost","pid":16365,"level":20,"msg":"Processed: \u001b[35m_posts/hexo-next-six.md\u001b[39m","time":"2019-12-24T15:07:55.661Z","v":0}
{"name":"hexo","hostname":"localhost","pid":16365,"level":20,"msg":"Processed: \u001b[35m_posts/hexo-next-one.md\u001b[39m","time":"2019-12-24T15:07:55.663Z","v":0}
{"name":"hexo","hostname":"localhost","pid":16365,"level":20,"msg":"Processed: \u001b[35m_posts/hexo-next-three.md\u001b[39m","time":"2019-12-24T15:07:55.664Z","v":0}
{"name":"hexo","hostname":"localhost","pid":16365,"level":20,"msg":"Processed: \u001b[35m_posts/why-introversion-like-alone.md\u001b[39m","time":"2019-12-24T15:07:55.665Z","v":0}
{"name":"hexo","hostname":"localhost","pid":16365,"level":20,"msg":"Processed: \u001b[35m_posts/hexo-next-two.md\u001b[39m","time":"2019-12-24T15:07:55.665Z","v":0}
{"name":"hexo","hostname":"localhost","pid":16365,"level":20,"msg":"Processed: \u001b[35m_posts/npm-two.md\u001b[39m","time":"2019-12-24T15:07:55.666Z","v":0}
{"name":"hexo","hostname":"localhost","pid":16365,"level":20,"msg":"Processed: \u001b[35m_posts/npm.md\u001b[39m","time":"2019-12-24T15:07:55.666Z","v":0}
{"name":"hexo","hostname":"localhost","pid":16365,"level":20,"msg":"Processed: \u001b[35m_posts/service-worker.md\u001b[39m","time":"2019-12-24T15:07:55.666Z","v":0}
{"name":"hexo","hostname":"localhost","pid":16365,"level":20,"msg":"Processed: \u001b[35m_posts/travis-ci.md\u001b[39m","time":"2019-12-24T15:07:55.667Z","v":0}
{"name":"hexo","hostname":"localhost","pid":16365,"level":20,"msg":"Processed: \u001b[35m_posts/vue-music.md\u001b[39m","time":"2019-12-24T15:07:55.668Z","v":0}
{"name":"hexo","hostname":"localhost","pid":16365,"level":20,"msg":"Processed: \u001b[35m_posts/use-jquery-skill.md\u001b[39m","time":"2019-12-24T15:07:55.669Z","v":0}
{"name":"hexo","hostname":"localhost","pid":16365,"level":20,"msg":"Processed: \u001b[35m_posts/sass.md\u001b[39m","time":"2019-12-24T15:07:55.674Z","v":0}
{"name":"hexo","hostname":"localhost","pid":16365,"level":20,"msg":"Processed: \u001b[35m_posts/vue-sell.md\u001b[39m","time":"2019-12-24T15:07:55.674Z","v":0}
{"name":"hexo","hostname":"localhost","pid":16365,"level":20,"msg":"Processed: \u001b[35m_posts/vue-element-change-theme.md\u001b[39m","time":"2019-12-24T15:07:55.677Z","v":0}
{"name":"hexo","hostname":"localhost","pid":16365,"level":20,"msg":"Processed: \u001b[35m_posts/why-we-dropped-zepto.md\u001b[39m","time":"2019-12-24T15:07:55.678Z","v":0}
{"name":"hexo","hostname":"localhost","pid":16365,"level":20,"msg":"Processed: \u001b[35m_posts/vue-prerender.md\u001b[39m","time":"2019-12-24T15:07:55.678Z","v":0}
{"name":"hexo","hostname":"localhost","pid":16365,"level":20,"msg":"Processed: \u001b[35m_posts/vue-ssr.md\u001b[39m","time":"2019-12-24T15:07:55.679Z","v":0}
{"name":"hexo","hostname":"localhost","pid":16365,"level":20,"msg":"Processed: \u001b[35m_posts/yarn.md\u001b[39m","time":"2019-12-24T15:07:55.679Z","v":0}
{"name":"hexo","hostname":"localhost","pid":16365,"level":20,"msg":"Processed: \u001b[35mlayout/_layout.swig\u001b[39m","time":"2019-12-24T15:07:55.798Z","v":0}
{"name":"hexo","hostname":"localhost","pid":16365,"level":20,"msg":"Processed: \u001b[35mlayout/archive.swig\u001b[39m","time":"2019-12-24T15:07:55.798Z","v":0}
{"name":"hexo","hostname":"localhost","pid":16365,"level":20,"msg":"Processed: \u001b[35mlayout/category.swig\u001b[39m","time":"2019-12-24T15:07:55.798Z","v":0}
{"name":"hexo","hostname":"localhost","pid":16365,"level":20,"msg":"Processed: \u001b[35mlayout/index.swig\u001b[39m","time":"2019-12-24T15:07:55.798Z","v":0}
{"name":"hexo","hostname":"localhost","pid":16365,"level":20,"msg":"Processed: \u001b[35mlayout/post.swig\u001b[39m","time":"2019-12-24T15:07:55.799Z","v":0}
{"name":"hexo","hostname":"localhost","pid":16365,"level":20,"msg":"Processed: \u001b[35mlayout/page.swig\u001b[39m","time":"2019-12-24T15:07:55.799Z","v":0}
{"name":"hexo","hostname":"localhost","pid":16365,"level":20,"msg":"Processed: \u001b[35mlayout/tag.swig\u001b[39m","time":"2019-12-24T15:07:55.799Z","v":0}
{"name":"hexo","hostname":"localhost","pid":16365,"level":20,"msg":"Processed: \u001b[35mtags/index.md\u001b[39m","time":"2019-12-24T15:07:55.801Z","v":0}
{"name":"hexo","hostname":"localhost","pid":16365,"level":20,"msg":"Processed: \u001b[35mlanguages/de.yml\u001b[39m","time":"2019-12-24T15:07:55.801Z","v":0}
{"name":"hexo","hostname":"localhost","pid":16365,"level":20,"msg":"Processed: \u001b[35mlanguages/fr-FR.yml\u001b[39m","time":"2019-12-24T15:07:55.801Z","v":0}
{"name":"hexo","hostname":"localhost","pid":16365,"level":20,"msg":"Processed: \u001b[35mlanguages/en.yml\u001b[39m","time":"2019-12-24T15:07:55.801Z","v":0}
{"name":"hexo","hostname":"localhost","pid":16365,"level":20,"msg":"Processed: \u001b[35mlanguages/id.yml\u001b[39m","time":"2019-12-24T15:07:55.801Z","v":0}
{"name":"hexo","hostname":"localhost","pid":16365,"level":20,"msg":"Processed: \u001b[35mlanguages/default.yml\u001b[39m","time":"2019-12-24T15:07:55.801Z","v":0}
{"name":"hexo","hostname":"localhost","pid":16365,"level":20,"msg":"Processed: \u001b[35mlanguages/ja.yml\u001b[39m","time":"2019-12-24T15:07:55.801Z","v":0}
{"name":"hexo","hostname":"localhost","pid":16365,"level":20,"msg":"Processed: \u001b[35mlanguages/ko.yml\u001b[39m","time":"2019-12-24T15:07:55.801Z","v":0}
{"name":"hexo","hostname":"localhost","pid":16365,"level":20,"msg":"Processed: \u001b[35mlanguages/pt-BR.yml\u001b[39m","time":"2019-12-24T15:07:55.801Z","v":0}
{"name":"hexo","hostname":"localhost","pid":16365,"level":20,"msg":"Processed: \u001b[35mlanguages/ru.yml\u001b[39m","time":"2019-12-24T15:07:55.801Z","v":0}
{"name":"hexo","hostname":"localhost","pid":16365,"level":20,"msg":"Processed: \u001b[35mlanguages/pt.yml\u001b[39m","time":"2019-12-24T15:07:55.801Z","v":0}
{"name":"hexo","hostname":"localhost","pid":16365,"level":20,"msg":"Processed: \u001b[35mlanguages/zh-hk.yml\u001b[39m","time":"2019-12-24T15:07:55.801Z","v":0}
{"name":"hexo","hostname":"localhost","pid":16365,"level":20,"msg":"Processed: \u001b[35mlanguages/zh-tw.yml\u001b[39m","time":"2019-12-24T15:07:55.801Z","v":0}
{"name":"hexo","hostname":"localhost","pid":16365,"level":20,"msg":"Processed: \u001b[35mlanguages/zh-Hans.yml\u001b[39m","time":"2019-12-24T15:07:55.807Z","v":0}
{"name":"hexo","hostname":"localhost","pid":16365,"level":20,"msg":"Processed: \u001b[35mweblog/index.md\u001b[39m","time":"2019-12-24T15:07:55.807Z","v":0}
{"name":"hexo","hostname":"localhost","pid":16365,"level":20,"msg":"Processed: \u001b[35msource/js/src/bootstrap.js\u001b[39m","time":"2019-12-24T15:07:55.810Z","v":0}
{"name":"hexo","hostname":"localhost","pid":16365,"level":20,"msg":"Processed: \u001b[35msource/js/src/affix.js\u001b[39m","time":"2019-12-24T15:07:55.810Z","v":0}
{"name":"hexo","hostname":"localhost","pid":16365,"level":20,"msg":"Processed: \u001b[35msource/js/src/hook-duoshuo.js\u001b[39m","time":"2019-12-24T15:07:55.811Z","v":0}
{"name":"hexo","hostname":"localhost","pid":16365,"level":20,"msg":"Processed: \u001b[35msource/js/src/jquery-stars.js\u001b[39m","time":"2019-12-24T15:07:55.811Z","v":0}
{"name":"hexo","hostname":"localhost","pid":16365,"level":20,"msg":"Processed: \u001b[35msource/js/src/love.js\u001b[39m","time":"2019-12-24T15:07:55.811Z","v":0}
{"name":"hexo","hostname":"localhost","pid":16365,"level":20,"msg":"Processed: \u001b[35msource/js/src/motion.js\u001b[39m","time":"2019-12-24T15:07:55.811Z","v":0}
{"name":"hexo","hostname":"localhost","pid":16365,"level":20,"msg":"Processed: \u001b[35msource/js/src/post-details.js\u001b[39m","time":"2019-12-24T15:07:55.812Z","v":0}
{"name":"hexo","hostname":"localhost","pid":16365,"level":20,"msg":"Processed: \u001b[35msource/js/src/particle.js\u001b[39m","time":"2019-12-24T15:07:55.812Z","v":0}
{"name":"hexo","hostname":"localhost","pid":16365,"level":20,"msg":"Processed: \u001b[35msource/js/src/scrollspy.js\u001b[39m","time":"2019-12-24T15:07:55.812Z","v":0}
{"name":"hexo","hostname":"localhost","pid":16365,"level":20,"msg":"Processed: \u001b[35msource/js/src/utils.js\u001b[39m","time":"2019-12-24T15:07:55.812Z","v":0}
{"name":"hexo","hostname":"localhost","pid":16365,"level":20,"msg":"Processed: \u001b[35msource/js/src/pace.min.js\u001b[39m","time":"2019-12-24T15:07:55.812Z","v":0}
{"name":"hexo","hostname":"localhost","pid":16365,"level":20,"msg":"Processed: \u001b[35msource/vendors/fastclick/LICENSE\u001b[39m","time":"2019-12-24T15:07:55.813Z","v":0}
{"name":"hexo","hostname":"localhost","pid":16365,"level":20,"msg":"Processed: \u001b[35msource/vendors/fastclick/README.md\u001b[39m","time":"2019-12-24T15:07:55.813Z","v":0}
{"name":"hexo","hostname":"localhost","pid":16365,"level":20,"msg":"Processed: \u001b[35msource/vendors/fastclick/bower.json\u001b[39m","time":"2019-12-24T15:07:55.813Z","v":0}
{"name":"hexo","hostname":"localhost","pid":16365,"level":20,"msg":"Processed: \u001b[35msource/vendors/jquery_lazyload/README.md\u001b[39m","time":"2019-12-24T15:07:55.813Z","v":0}
{"name":"hexo","hostname":"localhost","pid":16365,"level":20,"msg":"Processed: \u001b[35msource/vendors/jquery_lazyload/CONTRIBUTING.md\u001b[39m","time":"2019-12-24T15:07:55.814Z","v":0}
{"name":"hexo","hostname":"localhost","pid":16365,"level":20,"msg":"Processed: \u001b[35msource/vendors/jquery_lazyload/bower.json\u001b[39m","time":"2019-12-24T15:07:55.814Z","v":0}
{"name":"hexo","hostname":"localhost","pid":16365,"level":20,"msg":"Processed: \u001b[35msource/vendors/jquery_lazyload/jquery.lazyload.js\u001b[39m","time":"2019-12-24T15:07:55.820Z","v":0}
{"name":"hexo","hostname":"localhost","pid":16365,"level":20,"msg":"Processed: \u001b[35msource/vendors/jquery_lazyload/jquery.scrollstop.js\u001b[39m","time":"2019-12-24T15:07:55.820Z","v":0}
{"name":"hexo","hostname":"localhost","pid":16365,"level":20,"msg":"Processed: \u001b[35msource/vendors/velocity/bower.json\u001b[39m","time":"2019-12-24T15:07:55.820Z","v":0}
{"name":"hexo","hostname":"localhost","pid":16365,"level":20,"msg":"Processed: \u001b[35msource/vendors/velocity/velocity.ui.min.js\u001b[39m","time":"2019-12-24T15:07:55.821Z","v":0}
{"name":"hexo","hostname":"localhost","pid":16365,"level":20,"msg":"Processed: \u001b[35msource/vendors/velocity/velocity.min.js\u001b[39m","time":"2019-12-24T15:07:55.822Z","v":0}
{"name":"hexo","hostname":"localhost","pid":16365,"level":20,"msg":"Processed: \u001b[35msource/vendors/velocity/velocity.ui.js\u001b[39m","time":"2019-12-24T15:07:55.823Z","v":0}
{"name":"hexo","hostname":"localhost","pid":16365,"level":20,"msg":"Processed: \u001b[35msource/vendors/font-awesome/bower.json\u001b[39m","time":"2019-12-24T15:07:55.826Z","v":0}
{"name":"hexo","hostname":"localhost","pid":16365,"level":20,"msg":"Processed: \u001b[35msource/vendors/font-awesome/HELP-US-OUT.txt\u001b[39m","time":"2019-12-24T15:07:55.826Z","v":0}
{"name":"hexo","hostname":"localhost","pid":16365,"level":20,"msg":"Processed: \u001b[35msource/js/src/embed.js\u001b[39m","time":"2019-12-24T15:07:55.849Z","v":0}
{"name":"hexo","hostname":"localhost","pid":16365,"level":20,"msg":"Processed: \u001b[35msource/vendors/jquery/index.js\u001b[39m","time":"2019-12-24T15:07:55.849Z","v":0}
{"name":"hexo","hostname":"localhost","pid":16365,"level":20,"msg":"Processed: \u001b[35mlayout/_custom/particle.swig\u001b[39m","time":"2019-12-24T15:07:55.899Z","v":0}
{"name":"hexo","hostname":"localhost","pid":16365,"level":20,"msg":"Processed: \u001b[35mlayout/_custom/title-change.swig\u001b[39m","time":"2019-12-24T15:07:55.899Z","v":0}
{"name":"hexo","hostname":"localhost","pid":16365,"level":20,"msg":"Processed: \u001b[35mlayout/_custom/love.swig\u001b[39m","time":"2019-12-24T15:07:55.899Z","v":0}
{"name":"hexo","hostname":"localhost","pid":16365,"level":20,"msg":"Processed: \u001b[35mlayout/_custom/high.swig\u001b[39m","time":"2019-12-24T15:07:55.899Z","v":0}
{"name":"hexo","hostname":"localhost","pid":16365,"level":20,"msg":"Processed: \u001b[35mlayout/_custom/mouse.swig\u001b[39m","time":"2019-12-24T15:07:55.899Z","v":0}
{"name":"hexo","hostname":"localhost","pid":16365,"level":20,"msg":"Processed: \u001b[35mlayout/_custom/readme.md\u001b[39m","time":"2019-12-24T15:07:55.899Z","v":0}
{"name":"hexo","hostname":"localhost","pid":16365,"level":20,"msg":"Processed: \u001b[35mlayout/_macro/post-collapse.swig\u001b[39m","time":"2019-12-24T15:07:55.899Z","v":0}
{"name":"hexo","hostname":"localhost","pid":16365,"level":20,"msg":"Processed: \u001b[35mlayout/_macro/wechat-subscriber.swig\u001b[39m","time":"2019-12-24T15:07:55.899Z","v":0}
{"name":"hexo","hostname":"localhost","pid":16365,"level":20,"msg":"Processed: \u001b[35mlayout/_macro/sidebar.swig\u001b[39m","time":"2019-12-24T15:07:55.899Z","v":0}
{"name":"hexo","hostname":"localhost","pid":16365,"level":20,"msg":"Processed: \u001b[35mlayout/_macro/post.swig\u001b[39m","time":"2019-12-24T15:07:55.899Z","v":0}
{"name":"hexo","hostname":"localhost","pid":16365,"level":20,"msg":"Processed: \u001b[35mlayout/_partials/comments.swig\u001b[39m","time":"2019-12-24T15:07:55.899Z","v":0}
{"name":"hexo","hostname":"localhost","pid":16365,"level":20,"msg":"Processed: \u001b[35mlayout/_macro/reward.swig\u001b[39m","time":"2019-12-24T15:07:55.899Z","v":0}
{"name":"hexo","hostname":"localhost","pid":16365,"level":20,"msg":"Processed: \u001b[35mlayout/_partials/duoshuo-hot-articles.swig\u001b[39m","time":"2019-12-24T15:07:55.899Z","v":0}
{"name":"hexo","hostname":"localhost","pid":16365,"level":20,"msg":"Processed: \u001b[35mlayout/_partials/footer.swig\u001b[39m","time":"2019-12-24T15:07:55.899Z","v":0}
{"name":"hexo","hostname":"localhost","pid":16365,"level":20,"msg":"Processed: \u001b[35mlayout/_partials/head.swig\u001b[39m","time":"2019-12-24T15:07:55.899Z","v":0}
{"name":"hexo","hostname":"localhost","pid":16365,"level":20,"msg":"Processed: \u001b[35mlayout/_partials/header.swig\u001b[39m","time":"2019-12-24T15:07:55.900Z","v":0}
{"name":"hexo","hostname":"localhost","pid":16365,"level":20,"msg":"Processed: \u001b[35mlayout/_partials/pagination.swig\u001b[39m","time":"2019-12-24T15:07:55.900Z","v":0}
{"name":"hexo","hostname":"localhost","pid":16365,"level":20,"msg":"Processed: \u001b[35mlayout/_partials/search.swig\u001b[39m","time":"2019-12-24T15:07:55.900Z","v":0}
{"name":"hexo","hostname":"localhost","pid":16365,"level":20,"msg":"Processed: \u001b[35mlayout/_scripts/baidu-push.swig\u001b[39m","time":"2019-12-24T15:07:55.900Z","v":0}
{"name":"hexo","hostname":"localhost","pid":16365,"level":20,"msg":"Processed: \u001b[35mlayout/_scripts/boostrap.swig\u001b[39m","time":"2019-12-24T15:07:55.900Z","v":0}
{"name":"hexo","hostname":"localhost","pid":16365,"level":20,"msg":"Processed: \u001b[35mlayout/_scripts/commons.swig\u001b[39m","time":"2019-12-24T15:07:55.900Z","v":0}
{"name":"hexo","hostname":"localhost","pid":16365,"level":20,"msg":"Processed: \u001b[35mlayout/_scripts/vendors.swig\u001b[39m","time":"2019-12-24T15:07:55.900Z","v":0}
{"name":"hexo","hostname":"localhost","pid":16365,"level":20,"msg":"Processed: \u001b[35msource/js/src/gitment.browser.js\u001b[39m","time":"2019-12-24T15:07:55.902Z","v":0}
{"name":"hexo","hostname":"localhost","pid":16365,"level":20,"msg":"Processed: \u001b[35msource/js/src/schemes/pisces.js\u001b[39m","time":"2019-12-24T15:07:55.903Z","v":0}
{"name":"hexo","hostname":"localhost","pid":16365,"level":20,"msg":"Processed: \u001b[35msource/vendors/fancybox/source/blank.gif\u001b[39m","time":"2019-12-24T15:07:55.903Z","v":0}
{"name":"hexo","hostname":"localhost","pid":16365,"level":20,"msg":"Processed: \u001b[35msource/vendors/fancybox/source/fancybox_loading.gif\u001b[39m","time":"2019-12-24T15:07:55.903Z","v":0}
{"name":"hexo","hostname":"localhost","pid":16365,"level":20,"msg":"Processed: \u001b[35msource/vendors/fancybox/source/fancybox_loading@2x.gif\u001b[39m","time":"2019-12-24T15:07:55.903Z","v":0}
{"name":"hexo","hostname":"localhost","pid":16365,"level":20,"msg":"Processed: \u001b[35msource/vendors/fancybox/source/fancybox_overlay.png\u001b[39m","time":"2019-12-24T15:07:55.904Z","v":0}
{"name":"hexo","hostname":"localhost","pid":16365,"level":20,"msg":"Processed: \u001b[35msource/vendors/fancybox/source/fancybox_sprite.png\u001b[39m","time":"2019-12-24T15:07:55.904Z","v":0}
{"name":"hexo","hostname":"localhost","pid":16365,"level":20,"msg":"Processed: \u001b[35msource/vendors/fancybox/source/fancybox_sprite@2x.png\u001b[39m","time":"2019-12-24T15:07:55.904Z","v":0}
{"name":"hexo","hostname":"localhost","pid":16365,"level":20,"msg":"Processed: \u001b[35msource/vendors/fancybox/source/jquery.fancybox.css\u001b[39m","time":"2019-12-24T15:07:55.904Z","v":0}
{"name":"hexo","hostname":"localhost","pid":16365,"level":20,"msg":"Processed: \u001b[35msource/vendors/fancybox/source/jquery.fancybox.pack.js\u001b[39m","time":"2019-12-24T15:07:55.905Z","v":0}
{"name":"hexo","hostname":"localhost","pid":16365,"level":20,"msg":"Processed: \u001b[35msource/vendors/fancybox/source/jquery.fancybox.js\u001b[39m","time":"2019-12-24T15:07:55.905Z","v":0}
{"name":"hexo","hostname":"localhost","pid":16365,"level":20,"msg":"Processed: \u001b[35msource/vendors/fastclick/lib/fastclick.min.js\u001b[39m","time":"2019-12-24T15:07:55.905Z","v":0}
{"name":"hexo","hostname":"localhost","pid":16365,"level":20,"msg":"Processed: \u001b[35msource/vendors/fastclick/lib/fastclick.js\u001b[39m","time":"2019-12-24T15:07:55.905Z","v":0}
{"name":"hexo","hostname":"localhost","pid":16365,"level":20,"msg":"Processed: \u001b[35msource/vendors/ua-parser-js/dist/ua-parser.min.js\u001b[39m","time":"2019-12-24T15:07:55.906Z","v":0}
{"name":"hexo","hostname":"localhost","pid":16365,"level":20,"msg":"Processed: \u001b[35msource/vendors/ua-parser-js/dist/ua-parser.pack.js\u001b[39m","time":"2019-12-24T15:07:55.907Z","v":0}
{"name":"hexo","hostname":"localhost","pid":16365,"level":20,"msg":"Processed: \u001b[35msource/vendors/font-awesome/css/font-awesome.css\u001b[39m","time":"2019-12-24T15:07:55.907Z","v":0}
{"name":"hexo","hostname":"localhost","pid":16365,"level":20,"msg":"Processed: \u001b[35msource/vendors/font-awesome/css/font-awesome.css.map\u001b[39m","time":"2019-12-24T15:07:55.907Z","v":0}
{"name":"hexo","hostname":"localhost","pid":16365,"level":20,"msg":"Processed: \u001b[35msource/vendors/font-awesome/css/font-awesome.min.css\u001b[39m","time":"2019-12-24T15:07:55.908Z","v":0}
{"name":"hexo","hostname":"localhost","pid":16365,"level":20,"msg":"Processed: \u001b[35msource/vendors/font-awesome/fonts/fontawesome-webfont.woff2\u001b[39m","time":"2019-12-24T15:07:55.908Z","v":0}
{"name":"hexo","hostname":"localhost","pid":16365,"level":20,"msg":"Processed: \u001b[35mlayout/_scripts/schemes/mist.swig\u001b[39m","time":"2019-12-24T15:07:55.915Z","v":0}
{"name":"hexo","hostname":"localhost","pid":16365,"level":20,"msg":"Processed: \u001b[35mlayout/_scripts/schemes/muse.swig\u001b[39m","time":"2019-12-24T15:07:55.915Z","v":0}
{"name":"hexo","hostname":"localhost","pid":16365,"level":20,"msg":"Processed: \u001b[35msource/vendors/velocity/velocity.js\u001b[39m","time":"2019-12-24T15:07:55.915Z","v":0}
{"name":"hexo","hostname":"localhost","pid":16365,"level":20,"msg":"Processed: \u001b[35msource/vendors/font-awesome/fonts/fontawesome-webfont.eot\u001b[39m","time":"2019-12-24T15:07:55.915Z","v":0}
{"name":"hexo","hostname":"localhost","pid":16365,"level":20,"msg":"Processed: \u001b[35msource/vendors/font-awesome/fonts/FontAwesome.otf\u001b[39m","time":"2019-12-24T15:07:55.915Z","v":0}
{"name":"hexo","hostname":"localhost","pid":16365,"level":20,"msg":"Processed: \u001b[35msource/vendors/font-awesome/fonts/fontawesome-webfont.woff\u001b[39m","time":"2019-12-24T15:07:55.915Z","v":0}
{"name":"hexo","hostname":"localhost","pid":16365,"level":20,"msg":"Processed: \u001b[35mlayout/_partials/head/external-fonts.swig\u001b[39m","time":"2019-12-24T15:07:55.928Z","v":0}
{"name":"hexo","hostname":"localhost","pid":16365,"level":20,"msg":"Processed: \u001b[35mlayout/_partials/search/swiftype.swig\u001b[39m","time":"2019-12-24T15:07:55.928Z","v":0}
{"name":"hexo","hostname":"localhost","pid":16365,"level":20,"msg":"Processed: \u001b[35mlayout/_partials/search/localsearch.swig\u001b[39m","time":"2019-12-24T15:07:55.928Z","v":0}
{"name":"hexo","hostname":"localhost","pid":16365,"level":20,"msg":"Processed: \u001b[35mlayout/_partials/search/tinysou.swig\u001b[39m","time":"2019-12-24T15:07:55.928Z","v":0}
{"name":"hexo","hostname":"localhost","pid":16365,"level":20,"msg":"Processed: \u001b[35mlayout/_partials/share/add-this.swig\u001b[39m","time":"2019-12-24T15:07:55.928Z","v":0}
{"name":"hexo","hostname":"localhost","pid":16365,"level":20,"msg":"Processed: \u001b[35mlayout/_partials/share/baidushare.swig\u001b[39m","time":"2019-12-24T15:07:55.928Z","v":0}
{"name":"hexo","hostname":"localhost","pid":16365,"level":20,"msg":"Processed: \u001b[35mlayout/_partials/share/jiathis.swig\u001b[39m","time":"2019-12-24T15:07:55.929Z","v":0}
{"name":"hexo","hostname":"localhost","pid":16365,"level":20,"msg":"Processed: \u001b[35mlayout/_partials/share/duoshuo_share.swig\u001b[39m","time":"2019-12-24T15:07:55.929Z","v":0}
{"name":"hexo","hostname":"localhost","pid":16365,"level":20,"msg":"Processed: \u001b[35mlayout/_scripts/pages/post-details.swig\u001b[39m","time":"2019-12-24T15:07:55.929Z","v":0}
{"name":"hexo","hostname":"localhost","pid":16365,"level":20,"msg":"Processed: \u001b[35mlayout/_scripts/schemes/pisces.swig\u001b[39m","time":"2019-12-24T15:07:55.929Z","v":0}
{"name":"hexo","hostname":"localhost","pid":16365,"level":20,"msg":"Processed: \u001b[35mlayout/_scripts/third-party/analytics.swig\u001b[39m","time":"2019-12-24T15:07:55.929Z","v":0}
{"name":"hexo","hostname":"localhost","pid":16365,"level":20,"msg":"Processed: \u001b[35mlayout/_scripts/third-party/lean-analytics.swig\u001b[39m","time":"2019-12-24T15:07:55.929Z","v":0}
{"name":"hexo","hostname":"localhost","pid":16365,"level":20,"msg":"Processed: \u001b[35mlayout/_scripts/third-party/comments.swig\u001b[39m","time":"2019-12-24T15:07:55.940Z","v":0}
{"name":"hexo","hostname":"localhost","pid":16365,"level":20,"msg":"Processed: \u001b[35mlayout/_scripts/third-party/localsearch.swig\u001b[39m","time":"2019-12-24T15:07:55.940Z","v":0}
{"name":"hexo","hostname":"localhost","pid":16365,"level":20,"msg":"Processed: \u001b[35mlayout/_scripts/third-party/mathjax.swig\u001b[39m","time":"2019-12-24T15:07:55.940Z","v":0}
{"name":"hexo","hostname":"localhost","pid":16365,"level":20,"msg":"Processed: \u001b[35mlayout/_scripts/third-party/tinysou.swig\u001b[39m","time":"2019-12-24T15:07:55.940Z","v":0}
{"name":"hexo","hostname":"localhost","pid":16365,"level":20,"msg":"Processed: \u001b[35msource/vendors/fancybox/source/helpers/fancybox_buttons.png\u001b[39m","time":"2019-12-24T15:07:55.945Z","v":0}
{"name":"hexo","hostname":"localhost","pid":16365,"level":20,"msg":"Processed: \u001b[35msource/vendors/fancybox/source/helpers/jquery.fancybox-buttons.js\u001b[39m","time":"2019-12-24T15:07:55.945Z","v":0}
{"name":"hexo","hostname":"localhost","pid":16365,"level":20,"msg":"Processed: \u001b[35msource/vendors/fancybox/source/helpers/jquery.fancybox-buttons.css\u001b[39m","time":"2019-12-24T15:07:55.945Z","v":0}
{"name":"hexo","hostname":"localhost","pid":16365,"level":20,"msg":"Processed: \u001b[35msource/vendors/fancybox/source/helpers/jquery.fancybox-media.js\u001b[39m","time":"2019-12-24T15:07:55.945Z","v":0}
{"name":"hexo","hostname":"localhost","pid":16365,"level":20,"msg":"Processed: \u001b[35msource/vendors/fancybox/source/helpers/jquery.fancybox-thumbs.js\u001b[39m","time":"2019-12-24T15:07:55.946Z","v":0}
{"name":"hexo","hostname":"localhost","pid":16365,"level":20,"msg":"Processed: \u001b[35msource/vendors/fancybox/source/helpers/jquery.fancybox-thumbs.css\u001b[39m","time":"2019-12-24T15:07:55.946Z","v":0}
{"name":"hexo","hostname":"localhost","pid":16365,"level":20,"msg":"Processed: \u001b[35msource/vendors/font-awesome/fonts/fontawesome-webfont.ttf\u001b[39m","time":"2019-12-24T15:07:55.946Z","v":0}
{"name":"hexo","hostname":"localhost","pid":16365,"level":20,"msg":"Processed: \u001b[35mlayout/_scripts/third-party/analytics/baidu-analytics.swig\u001b[39m","time":"2019-12-24T15:07:55.951Z","v":0}
{"name":"hexo","hostname":"localhost","pid":16365,"level":20,"msg":"Processed: \u001b[35mlayout/_scripts/third-party/analytics/busuanzi-counter.swig\u001b[39m","time":"2019-12-24T15:07:55.951Z","v":0}
{"name":"hexo","hostname":"localhost","pid":16365,"level":20,"msg":"Processed: \u001b[35mlayout/_scripts/third-party/analytics/cnzz-analytics.swig\u001b[39m","time":"2019-12-24T15:07:55.951Z","v":0}
{"name":"hexo","hostname":"localhost","pid":16365,"level":20,"msg":"Processed: \u001b[35mlayout/_scripts/third-party/analytics/facebook-sdk.swig\u001b[39m","time":"2019-12-24T15:07:55.956Z","v":0}
{"name":"hexo","hostname":"localhost","pid":16365,"level":20,"msg":"Processed: \u001b[35mlayout/_scripts/third-party/analytics/google-analytics.swig\u001b[39m","time":"2019-12-24T15:07:55.956Z","v":0}
{"name":"hexo","hostname":"localhost","pid":16365,"level":20,"msg":"Processed: \u001b[35mlayout/_scripts/third-party/analytics/tencent-analytics.swig\u001b[39m","time":"2019-12-24T15:07:55.956Z","v":0}
{"name":"hexo","hostname":"localhost","pid":16365,"level":20,"msg":"Processed: \u001b[35mlayout/_scripts/third-party/comments/duoshuo.swig\u001b[39m","time":"2019-12-24T15:07:55.956Z","v":0}
{"name":"hexo","hostname":"localhost","pid":16365,"level":20,"msg":"Processed: \u001b[35mlayout/_scripts/third-party/comments/disqus.swig\u001b[39m","time":"2019-12-24T15:07:55.956Z","v":0}
{"name":"hexo","hostname":"localhost","pid":16365,"level":20,"msg":"Processed: \u001b[35msource/vendors/font-awesome/fonts/fontawesome-webfont.svg\u001b[39m","time":"2019-12-24T15:07:55.957Z","v":0}
{"name":"hexo","hostname":"localhost","pid":16365,"level":20,"msg":"Processed: \u001b[35mimages/vue-sell-3.gif\u001b[39m","time":"2019-12-24T15:07:56.093Z","v":0}
{"name":"hexo","hostname":"localhost","pid":16365,"level":20,"msg":"Processed: \u001b[35mimages/vue-music.mp4\u001b[39m","time":"2019-12-24T15:07:56.098Z","v":0}
{"name":"hexo","hostname":"localhost","pid":16365,"level":20,"msg":"Generator: \u001b[35mpage\u001b[39m","time":"2019-12-24T15:07:56.933Z","v":0}
{"name":"hexo","hostname":"localhost","pid":16365,"level":20,"msg":"Generator: \u001b[35mpost\u001b[39m","time":"2019-12-24T15:07:56.934Z","v":0}
{"name":"hexo","hostname":"localhost","pid":16365,"level":20,"msg":"Generator: \u001b[35marchive\u001b[39m","time":"2019-12-24T15:07:56.934Z","v":0}
{"name":"hexo","hostname":"localhost","pid":16365,"level":20,"msg":"Generator: \u001b[35mcategory\u001b[39m","time":"2019-12-24T15:07:56.934Z","v":0}
{"name":"hexo","hostname":"localhost","pid":16365,"level":20,"msg":"Generator: \u001b[35mbaidusitemap\u001b[39m","time":"2019-12-24T15:07:56.934Z","v":0}
{"name":"hexo","hostname":"localhost","pid":16365,"level":20,"msg":"Generator: \u001b[35mindex\u001b[39m","time":"2019-12-24T15:07:56.934Z","v":0}
{"name":"hexo","hostname":"localhost","pid":16365,"level":20,"msg":"Generator: \u001b[35msearch\u001b[39m","time":"2019-12-24T15:07:56.934Z","v":0}
{"name":"hexo","hostname":"localhost","pid":16365,"level":20,"msg":"Generator: \u001b[35mfeed\u001b[39m","time":"2019-12-24T15:07:56.934Z","v":0}
{"name":"hexo","hostname":"localhost","pid":16365,"level":20,"msg":"Generator: \u001b[35msitemap\u001b[39m","time":"2019-12-24T15:07:56.934Z","v":0}
{"name":"hexo","hostname":"localhost","pid":16365,"level":20,"msg":"Generator: \u001b[35mtag\u001b[39m","time":"2019-12-24T15:07:56.934Z","v":0}
{"name":"hexo","hostname":"localhost","pid":16365,"level":20,"msg":"Generator: \u001b[35masset\u001b[39m","time":"2019-12-24T15:07:56.936Z","v":0}
{"name":"hexo","hostname":"localhost","pid":16365,"level":30,"msg":"Hexo is running at \u001b[4mhttp://localhost:4000/\u001b[24m. Press Ctrl+C to stop.","time":"2019-12-24T15:07:56.969Z","v":0}
{"name":"hexo","hostname":"localhost","pid":16365,"level":20,"msg":"Database saved","time":"2019-12-24T15:07:57.009Z","v":0}
{"name":"hexo","hostname":"localhost","pid":16365,"level":20,"msg":"Rendering index: \u001b[35mindex.html\u001b[39m","time":"2019-12-24T15:08:05.041Z","v":0}
{"name":"hexo","hostname":"localhost","pid":16365,"level":20,"msg":"Rendering archive: \u001b[35marchives/index.html\u001b[39m","time":"2019-12-24T15:08:24.099Z","v":0}
{"name":"hexo","hostname":"localhost","pid":16365,"level":20,"msg":"Rendering index: \u001b[35mindex.html\u001b[39m","time":"2019-12-24T15:09:21.385Z","v":0}
{"name":"hexo","hostname":"localhost","pid":16365,"level":20,"msg":"Rendering post: \u001b[35m2019/07/01/vue-element-change-theme/index.html\u001b[39m","time":"2019-12-24T15:09:34.490Z","v":0}
{"name":"hexo","hostname":"localhost","pid":16365,"level":20,"msg":"Processed: \u001b[35m_posts/china-javascript-environment.md\u001b[39m","time":"2019-12-24T15:11:40.631Z","v":0}
{"name":"hexo","hostname":"localhost","pid":16365,"level":20,"msg":"Processed: \u001b[35m_posts/commonjs.md\u001b[39m","time":"2019-12-24T15:11:40.632Z","v":0}
{"name":"hexo","hostname":"localhost","pid":16365,"level":20,"msg":"Processed: \u001b[35m_posts/css-hack.md\u001b[39m","time":"2019-12-24T15:11:40.633Z","v":0}
{"name":"hexo","hostname":"localhost","pid":16365,"level":20,"msg":"Processed: \u001b[35m_posts/essay-20160925.md\u001b[39m","time":"2019-12-24T15:11:40.633Z","v":0}
{"name":"hexo","hostname":"localhost","pid":16365,"level":20,"msg":"Processed: \u001b[35m_posts/git.md\u001b[39m","time":"2019-12-24T15:11:40.633Z","v":0}
{"name":"hexo","hostname":"localhost","pid":16365,"level":20,"msg":"Processed: \u001b[35m_posts/gulp.md\u001b[39m","time":"2019-12-24T15:11:40.633Z","v":0}
{"name":"hexo","hostname":"localhost","pid":16365,"level":20,"msg":"Processed: \u001b[35m_posts/hexo-next-five.md\u001b[39m","time":"2019-12-24T15:11:40.634Z","v":0}
{"name":"hexo","hostname":"localhost","pid":16365,"level":20,"msg":"Processed: \u001b[35m_posts/hexo-next-four.md\u001b[39m","time":"2019-12-24T15:11:40.634Z","v":0}
{"name":"hexo","hostname":"localhost","pid":16365,"level":20,"msg":"Processed: \u001b[35m_posts/hexo-next-one.md\u001b[39m","time":"2019-12-24T15:11:40.634Z","v":0}
{"name":"hexo","hostname":"localhost","pid":16365,"level":20,"msg":"Processed: \u001b[35m_posts/hexo-next-six.md\u001b[39m","time":"2019-12-24T15:11:40.635Z","v":0}
{"name":"hexo","hostname":"localhost","pid":16365,"level":20,"msg":"Processed: \u001b[35m_posts/hexo-next-three.md\u001b[39m","time":"2019-12-24T15:11:40.635Z","v":0}
{"name":"hexo","hostname":"localhost","pid":16365,"level":20,"msg":"Processed: \u001b[35m_posts/hexo-next-two.md\u001b[39m","time":"2019-12-24T15:11:40.635Z","v":0}
{"name":"hexo","hostname":"localhost","pid":16365,"level":20,"msg":"Processed: \u001b[35m_posts/how-it-feels-to-learn-javascript-in-2016.md\u001b[39m","time":"2019-12-24T15:11:40.635Z","v":0}
{"name":"hexo","hostname":"localhost","pid":16365,"level":20,"msg":"Processed: \u001b[35m_posts/html5shiv.md\u001b[39m","time":"2019-12-24T15:11:40.874Z","v":0}
{"name":"hexo","hostname":"localhost","pid":16365,"level":20,"msg":"Processed: \u001b[35m_posts/js-exception-handing.md\u001b[39m","time":"2019-12-24T15:11:40.883Z","v":0}
{"name":"hexo","hostname":"localhost","pid":16365,"level":20,"msg":"Processed: \u001b[35m_posts/js-memory-management-and-gc.md\u001b[39m","time":"2019-12-24T15:11:40.883Z","v":0}
{"name":"hexo","hostname":"localhost","pid":16365,"level":20,"msg":"Processed: \u001b[35m_posts/js-this.md\u001b[39m","time":"2019-12-24T15:11:40.884Z","v":0}
{"name":"hexo","hostname":"localhost","pid":16365,"level":20,"msg":"Processed: \u001b[35m_posts/memory-leak.md\u001b[39m","time":"2019-12-24T15:11:40.885Z","v":0}
{"name":"hexo","hostname":"localhost","pid":16365,"level":20,"msg":"Processed: \u001b[35m_posts/npm-two.md\u001b[39m","time":"2019-12-24T15:11:40.885Z","v":0}
{"name":"hexo","hostname":"localhost","pid":16365,"level":20,"msg":"Processed: \u001b[35m_posts/npm.md\u001b[39m","time":"2019-12-24T15:11:40.885Z","v":0}
{"name":"hexo","hostname":"localhost","pid":16365,"level":20,"msg":"Processed: \u001b[35m_posts/respond-js.md\u001b[39m","time":"2019-12-24T15:11:40.886Z","v":0}
{"name":"hexo","hostname":"localhost","pid":16365,"level":20,"msg":"Processed: \u001b[35m_posts/sass.md\u001b[39m","time":"2019-12-24T15:11:40.886Z","v":0}
{"name":"hexo","hostname":"localhost","pid":16365,"level":20,"msg":"Processed: \u001b[35m_posts/service-worker.md\u001b[39m","time":"2019-12-24T15:11:40.886Z","v":0}
{"name":"hexo","hostname":"localhost","pid":16365,"level":20,"msg":"Processed: \u001b[35m_posts/travis-ci.md\u001b[39m","time":"2019-12-24T15:11:40.887Z","v":0}
{"name":"hexo","hostname":"localhost","pid":16365,"level":20,"msg":"Processed: \u001b[35m_posts/use-jquery-skill.md\u001b[39m","time":"2019-12-24T15:11:40.887Z","v":0}
{"name":"hexo","hostname":"localhost","pid":16365,"level":20,"msg":"Processed: \u001b[35m_posts/vue-element-change-theme.md\u001b[39m","time":"2019-12-24T15:11:40.924Z","v":0}
{"name":"hexo","hostname":"localhost","pid":16365,"level":20,"msg":"Processed: \u001b[35m_posts/vue-music.md\u001b[39m","time":"2019-12-24T15:11:40.925Z","v":0}
{"name":"hexo","hostname":"localhost","pid":16365,"level":20,"msg":"Processed: \u001b[35m_posts/vue-prerender.md\u001b[39m","time":"2019-12-24T15:11:40.925Z","v":0}
{"name":"hexo","hostname":"localhost","pid":16365,"level":20,"msg":"Processed: \u001b[35m_posts/vue-sell.md\u001b[39m","time":"2019-12-24T15:11:40.929Z","v":0}
{"name":"hexo","hostname":"localhost","pid":16365,"level":20,"msg":"Processed: \u001b[35m_posts/vue-ssr.md\u001b[39m","time":"2019-12-24T15:11:40.929Z","v":0}
{"name":"hexo","hostname":"localhost","pid":16365,"level":20,"msg":"Generator: \u001b[35mpage\u001b[39m","time":"2019-12-24T15:11:41.058Z","v":0}
{"name":"hexo","hostname":"localhost","pid":16365,"level":20,"msg":"Generator: \u001b[35mpost\u001b[39m","time":"2019-12-24T15:11:41.058Z","v":0}
{"name":"hexo","hostname":"localhost","pid":16365,"level":20,"msg":"Generator: \u001b[35marchive\u001b[39m","time":"2019-12-24T15:11:41.058Z","v":0}
{"name":"hexo","hostname":"localhost","pid":16365,"level":20,"msg":"Generator: \u001b[35mcategory\u001b[39m","time":"2019-12-24T15:11:41.058Z","v":0}
{"name":"hexo","hostname":"localhost","pid":16365,"level":20,"msg":"Generator: \u001b[35mbaidusitemap\u001b[39m","time":"2019-12-24T15:11:41.058Z","v":0}
{"name":"hexo","hostname":"localhost","pid":16365,"level":20,"msg":"Generator: \u001b[35mindex\u001b[39m","time":"2019-12-24T15:11:41.058Z","v":0}
{"name":"hexo","hostname":"localhost","pid":16365,"level":20,"msg":"Generator: \u001b[35msearch\u001b[39m","time":"2019-12-24T15:11:41.058Z","v":0}
{"name":"hexo","hostname":"localhost","pid":16365,"level":20,"msg":"Generator: \u001b[35mfeed\u001b[39m","time":"2019-12-24T15:11:41.058Z","v":0}
{"name":"hexo","hostname":"localhost","pid":16365,"level":20,"msg":"Generator: \u001b[35msitemap\u001b[39m","time":"2019-12-24T15:11:41.058Z","v":0}
{"name":"hexo","hostname":"localhost","pid":16365,"level":20,"msg":"Generator: \u001b[35mtag\u001b[39m","time":"2019-12-24T15:11:41.059Z","v":0}
{"name":"hexo","hostname":"localhost","pid":16365,"level":20,"msg":"Generator: \u001b[35masset\u001b[39m","time":"2019-12-24T15:11:41.059Z","v":0}
{"name":"hexo","hostname":"localhost","pid":16365,"level":20,"msg":"Rendering index: \u001b[35mindex.html\u001b[39m","time":"2019-12-24T15:11:48.673Z","v":0}
{"name":"hexo","hostname":"localhost","pid":16365,"level":20,"msg":"Processed: \u001b[35m_posts/amd-cmd.md\u001b[39m","time":"2019-12-24T15:12:13.139Z","v":0}
{"name":"hexo","hostname":"localhost","pid":16365,"level":20,"msg":"Generator: \u001b[35mpage\u001b[39m","time":"2019-12-24T15:12:13.274Z","v":0}
{"name":"hexo","hostname":"localhost","pid":16365,"level":20,"msg":"Generator: \u001b[35mpost\u001b[39m","time":"2019-12-24T15:12:13.274Z","v":0}
{"name":"hexo","hostname":"localhost","pid":16365,"level":20,"msg":"Generator: \u001b[35marchive\u001b[39m","time":"2019-12-24T15:12:13.274Z","v":0}
{"name":"hexo","hostname":"localhost","pid":16365,"level":20,"msg":"Generator: \u001b[35mcategory\u001b[39m","time":"2019-12-24T15:12:13.274Z","v":0}
{"name":"hexo","hostname":"localhost","pid":16365,"level":20,"msg":"Generator: \u001b[35mbaidusitemap\u001b[39m","time":"2019-12-24T15:12:13.275Z","v":0}
{"name":"hexo","hostname":"localhost","pid":16365,"level":20,"msg":"Generator: \u001b[35mindex\u001b[39m","time":"2019-12-24T15:12:13.275Z","v":0}
{"name":"hexo","hostname":"localhost","pid":16365,"level":20,"msg":"Generator: \u001b[35msearch\u001b[39m","time":"2019-12-24T15:12:13.275Z","v":0}
{"name":"hexo","hostname":"localhost","pid":16365,"level":20,"msg":"Generator: \u001b[35mfeed\u001b[39m","time":"2019-12-24T15:12:13.275Z","v":0}
{"name":"hexo","hostname":"localhost","pid":16365,"level":20,"msg":"Generator: \u001b[35msitemap\u001b[39m","time":"2019-12-24T15:12:13.275Z","v":0}
{"name":"hexo","hostname":"localhost","pid":16365,"level":20,"msg":"Generator: \u001b[35mtag\u001b[39m","time":"2019-12-24T15:12:13.276Z","v":0}
{"name":"hexo","hostname":"localhost","pid":16365,"level":20,"msg":"Generator: \u001b[35masset\u001b[39m","time":"2019-12-24T15:12:13.277Z","v":0}
{"name":"hexo","hostname":"localhost","pid":16365,"level":20,"msg":"Rendering index: \u001b[35mindex.html\u001b[39m","time":"2019-12-24T15:12:18.487Z","v":0}
{"name":"hexo","hostname":"localhost","pid":16365,"level":20,"msg":"Rendering archive: \u001b[35marchives/index.html\u001b[39m","time":"2019-12-24T15:12:22.457Z","v":0}
{"name":"hexo","hostname":"localhost","pid":16365,"level":20,"msg":"Rendering index: \u001b[35mindex.html\u001b[39m","time":"2019-12-24T15:12:30.033Z","v":0}
{"name":"hexo","hostname":"localhost","pid":16365,"level":20,"msg":"Rendering post: \u001b[35m2019/03/20/amd-cmd/index.html\u001b[39m","time":"2019-12-24T15:12:33.084Z","v":0}
{"name":"hexo","hostname":"localhost","pid":16365,"level":20,"msg":"Rendering post: \u001b[35m2018/07/20/yarn/index.html\u001b[39m","time":"2019-12-24T15:12:45.332Z","v":0}
